[1102/003624.617:ERROR:process_memory_win.cc(73)] ReadMemory at 0x2181dfe07f0 of 72 bytes failed: Only part of a ReadProcessMemory or WriteProcessMemory request was completed. (0x12B)
[1102/003624.618:WARNING:pe_image_annotations_reader.cc(134)] could not read annotations list object in C:\Program Files (x86)\Google\Chrome\Application\77.0.3865.120\chrome_elf.dll
[1102/003624.619:ERROR:process_memory_win.cc(73)] ReadMemory at 0x2181e06ea20 of 72 bytes failed: Only part of a ReadProcessMemory or WriteProcessMemory request was completed. (0x12B)
[1102/003624.619:WARNING:pe_image_annotations_reader.cc(134)] could not read annotations list object in C:\Program Files (x86)\Google\Chrome\Application\77.0.3865.120\chrome_child.dll
[1102/003624.626:ERROR:process_memory_win.cc(73)] ReadMemory at 0x2181e200000 of 64 bytes failed: Only part of a ReadProcessMemory or WriteProcessMemory request was completed. (0x12B)
[1102/003624.627:WARNING:pe_image_reader.cc(340)] could not read dos header from C:\WINDOWS\System32\combase.dll
[1102/003624.629:ERROR:process_memory_win.cc(73)] ReadMemory at 0x7ff7fae20000 of 64 bytes failed: Only part of a ReadProcessMemory or WriteProcessMemory request was completed. (0x12B)
[1102/003624.629:WARNING:pe_image_reader.cc(340)] could not read dos header from C:\Program Files (x86)\Google\Chrome\Application\chrome.exe
[1102/003624.629:ERROR:process_memory_win.cc(73)] ReadMemory at 0x2181dfe07f0 of 72 bytes failed: Only part of a ReadProcessMemory or WriteProcessMemory request was completed. (0x12B)
[1102/003624.629:WARNING:pe_image_annotations_reader.cc(134)] could not read annotations list object in C:\Program Files (x86)\Google\Chrome\Application\77.0.3865.120\chrome_elf.dll
[1102/003624.629:ERROR:process_memory_win.cc(73)] ReadMemory at 0x7ffa51e10000 of 64 bytes failed: Only part of a ReadProcessMemory or WriteProcessMemory request was completed. (0x12B)
[1102/003624.629:WARNING:pe_image_reader.cc(340)] could not read dos header from C:\Program Files (x86)\Google\Chrome\Application\77.0.3865.120\chrome_child.dll
[1102/003624.630:ERROR:process_memory_win.cc(73)] ReadMemory at 0x2181e200000 of 64 bytes failed: Only part of a ReadProcessMemory or WriteProcessMemory request was completed. (0x12B)
[1102/003624.630:WARNING:pe_image_reader.cc(340)] could not read dos header from C:\WINDOWS\System32\combase.dll
[1102/003624.631:ERROR:process_memory_win.cc(73)] ReadMemory at 0x7ffa894a0000 of 64 bytes failed: Only part of a ReadProcessMemory or WriteProcessMemory request was completed. (0x12B)
[1102/003624.631:WARNING:pe_image_reader.cc(340)] could not read dos header from C:\WINDOWS\SYSTEM32\Secur32.dll
[1102/003624.657:ERROR:process_memory_win.cc(73)] ReadMemory at 0x7643dee000 of 73728 bytes failed: Only part of a ReadProcessMemory or WriteProcessMemory request was completed. (0x12B)
[1102/003624.658:ERROR:process_memory_win.cc(73)] ReadMemory at 0x76445fd000 of 12288 bytes failed: Only part of a ReadProcessMemory or WriteProcessMemory request was completed. (0x12B)
[1102/003624.659:ERROR:process_memory_win.cc(73)] ReadMemory at 0x76455fc000 of 16384 bytes failed: Only part of a ReadProcessMemory or WriteProcessMemory request was completed. (0x12B)
[1102/003624.659:ERROR:process_memory_win.cc(73)] ReadMemory at 0x7645dfc000 of 16384 bytes failed: Only part of a ReadProcessMemory or WriteProcessMemory request was completed. (0x12B)
[1102/003624.659:ERROR:process_memory_win.cc(73)] ReadMemory at 0x76465fe000 of 8192 bytes failed: Only part of a ReadProcessMemory or WriteProcessMemory request was completed. (0x12B)
[1102/003624.660:ERROR:process_memory_win.cc(73)] ReadMemory at 0x7646dfd000 of 12288 bytes failed: Only part of a ReadProcessMemory or WriteProcessMemory request was completed. (0x12B)
[1102/003624.660:ERROR:process_memory_win.cc(73)] ReadMemory at 0x76475fb000 of 20480 bytes failed: Only part of a ReadProcessMemory or WriteProcessMemory request was completed. (0x12B)
[1102/003624.661:ERROR:process_memory_win.cc(73)] ReadMemory at 0x76485fd000 of 12288 bytes failed: Only part of a ReadProcessMemory or WriteProcessMemory request was completed. (0x12B)
[1102/003624.661:ERROR:process_memory_win.cc(73)] ReadMemory at 0x7648dfd000 of 12288 bytes failed: Only part of a ReadProcessMemory or WriteProcessMemory request was completed. (0x12B)
[1102/003624.661:ERROR:process_memory_win.cc(73)] ReadMemory at 0x76495fd000 of 12288 bytes failed: Only part of a ReadProcessMemory or WriteProcessMemory request was completed. (0x12B)
[1102/003624.662:ERROR:process_memory_win.cc(73)] ReadMemory at 0x7649dfd000 of 12288 bytes failed: Only part of a ReadProcessMemory or WriteProcessMemory request was completed. (0x12B)
[1102/003624.662:ERROR:process_memory_win.cc(73)] ReadMemory at 0x764a5fd000 of 12288 bytes failed: Only part of a ReadProcessMemory or WriteProcessMemory request was completed. (0x12B)
[1102/003624.662:ERROR:process_memory_win.cc(73)] ReadMemory at 0x7644dfd000 of 12288 bytes failed: Only part of a ReadProcessMemory or WriteProcessMemory request was completed. (0x12B)
[1102/003624.663:ERROR:process_memory_win.cc(73)] ReadMemory at 0x764adfa000 of 24576 bytes failed: Only part of a ReadProcessMemory or WriteProcessMemory request was completed. (0x12B)
[1102/003624.663:ERROR:process_memory_win.cc(73)] ReadMemory at 0x7647dfa000 of 24576 bytes failed: Only part of a ReadProcessMemory or WriteProcessMemory request was completed. (0x12B)
[1102/003624.664:ERROR:process_memory_win.cc(73)] ReadMemory at 0x764b5fd000 of 12288 bytes failed: Only part of a ReadProcessMemory or WriteProcessMemory request was completed. (0x12B)
[1102/003624.664:ERROR:process_memory_win.cc(73)] ReadMemory at 0x764bdf9000 of 28672 bytes failed: Only part of a ReadProcessMemory or WriteProcessMemory request was completed. (0x12B)
[1102/003624.664:ERROR:process_memory_win.cc(73)] ReadMemory at 0x764c5fb000 of 20480 bytes failed: Only part of a ReadProcessMemory or WriteProcessMemory request was completed. (0x12B)
[1102/003624.664:ERROR:process_memory_win.cc(73)] ReadMemory at 0x764cdfd000 of 12288 bytes failed: Only part of a ReadProcessMemory or WriteProcessMemory request was completed. (0x12B)
[1102/003624.665:ERROR:process_memory_win.cc(73)] ReadMemory at 0x764d5fd000 of 12288 bytes failed: Only part of a ReadProcessMemory or WriteProcessMemory request was completed. (0x12B)
[1102/003624.665:ERROR:process_memory_win.cc(73)] ReadMemory at 0x764ddfc000 of 16384 bytes failed: Only part of a ReadProcessMemory or WriteProcessMemory request was completed. (0x12B)
[1102/003624.665:ERROR:process_memory_win.cc(73)] ReadMemory at 0x764e5fc000 of 16384 bytes failed: Only part of a ReadProcessMemory or WriteProcessMemory request was completed. (0x12B)
[1102/003624.666:ERROR:process_memory_win.cc(73)] ReadMemory at 0x764edfc000 of 16384 bytes failed: Only part of a ReadProcessMemory or WriteProcessMemory request was completed. (0x12B)
[1102/003624.666:ERROR:process_memory_win.cc(73)] ReadMemory at 0x764331e000 of 8192 bytes failed: Only part of a ReadProcessMemory or WriteProcessMemory request was completed. (0x12B)
[1102/003624.666:ERROR:process_memory_win.cc(73)] ReadMemory at 0x764eefe000 of 8192 bytes failed: Only part of a ReadProcessMemory or WriteProcessMemory request was completed. (0x12B)
[1102/003624.667:ERROR:process_memory_win.cc(73)] ReadMemory at 0x7643467000 of 852 bytes failed: Only part of a ReadProcessMemory or WriteProcessMemory request was completed. (0x12B)
[1102/003624.667:ERROR:process_memory_win.cc(73)] ReadMemory at 0x7643468000 of 6024 bytes failed: Only part of a ReadProcessMemory or WriteProcessMemory request was completed. (0x12B)
[1102/003624.667:ERROR:process_memory_win.cc(73)] ReadMemory at 0x764346a000 of 6024 bytes failed: Only part of a ReadProcessMemory or WriteProcessMemory request was completed. (0x12B)
[1102/003624.667:ERROR:process_memory_win.cc(73)] ReadMemory at 0x764346e000 of 6024 bytes failed: Only part of a ReadProcessMemory or WriteProcessMemory request was completed. (0x12B)
[1102/003624.668:ERROR:process_memory_win.cc(73)] ReadMemory at 0x7643470000 of 6024 bytes failed: Only part of a ReadProcessMemory or WriteProcessMemory request was completed. (0x12B)
[1102/003624.668:ERROR:process_memory_win.cc(73)] ReadMemory at 0x7643472000 of 6024 bytes failed: Only part of a ReadProcessMemory or WriteProcessMemory request was completed. (0x12B)
[1102/003624.668:ERROR:process_memory_win.cc(73)] ReadMemory at 0x7643474000 of 6024 bytes failed: Only part of a ReadProcessMemory or WriteProcessMemory request was completed. (0x12B)
[1102/003624.668:ERROR:process_memory_win.cc(73)] ReadMemory at 0x7643476000 of 6024 bytes failed: Only part of a ReadProcessMemory or WriteProcessMemory request was completed. (0x12B)
[1102/003624.669:ERROR:process_memory_win.cc(73)] ReadMemory at 0x764347a000 of 6024 bytes failed: Only part of a ReadProcessMemory or WriteProcessMemory request was completed. (0x12B)
[1102/003624.669:ERROR:process_memory_win.cc(73)] ReadMemory at 0x764347c000 of 6024 bytes failed: Only part of a ReadProcessMemory or WriteProcessMemory request was completed. (0x12B)
[1102/003624.669:ERROR:process_memory_win.cc(73)] ReadMemory at 0x764347e000 of 6024 bytes failed: Only part of a ReadProcessMemory or WriteProcessMemory request was completed. (0x12B)
[1102/003624.669:ERROR:process_memory_win.cc(73)] ReadMemory at 0x7643480000 of 6024 bytes failed: Only part of a ReadProcessMemory or WriteProcessMemory request was completed. (0x12B)
[1102/003624.670:ERROR:process_memory_win.cc(73)] ReadMemory at 0x7643482000 of 6024 bytes failed: Only part of a ReadProcessMemory or WriteProcessMemory request was completed. (0x12B)
[1102/003624.670:ERROR:process_memory_win.cc(73)] ReadMemory at 0x764349c000 of 6024 bytes failed: Only part of a ReadProcessMemory or WriteProcessMemory request was completed. (0x12B)
[1102/003624.670:ERROR:process_memory_win.cc(73)] ReadMemory at 0x76434a6000 of 6024 bytes failed: Only part of a ReadProcessMemory or WriteProcessMemory request was completed. (0x12B)
[1102/003624.671:ERROR:process_memory_win.cc(73)] ReadMemory at 0x76434b2000 of 6024 bytes failed: Only part of a ReadProcessMemory or WriteProcessMemory request was completed. (0x12B)
[1102/003624.671:ERROR:process_memory_win.cc(73)] ReadMemory at 0x76434b4000 of 6024 bytes failed: Only part of a ReadProcessMemory or WriteProcessMemory request was completed. (0x12B)
[1102/003624.671:ERROR:process_memory_win.cc(73)] ReadMemory at 0x76434b6000 of 6024 bytes failed: Only part of a ReadProcessMemory or WriteProcessMemory request was completed. (0x12B)
[1102/003624.671:ERROR:process_memory_win.cc(73)] ReadMemory at 0x76434b8000 of 6024 bytes failed: Only part of a ReadProcessMemory or WriteProcessMemory request was completed. (0x12B)
[1102/003624.672:ERROR:process_memory_win.cc(73)] ReadMemory at 0x76434ba000 of 6024 bytes failed: Only part of a ReadProcessMemory or WriteProcessMemory request was completed. (0x12B)
[1102/003624.672:ERROR:process_memory_win.cc(73)] ReadMemory at 0x76434bc000 of 6024 bytes failed: Only part of a ReadProcessMemory or WriteProcessMemory request was completed. (0x12B)
[1102/003624.672:ERROR:process_memory_win.cc(73)] ReadMemory at 0x76434be000 of 6024 bytes failed: Only part of a ReadProcessMemory or WriteProcessMemory request was completed. (0x12B)
[1102/003624.673:ERROR:process_memory_win.cc(73)] ReadMemory at 0x76434c0000 of 6024 bytes failed: Only part of a ReadProcessMemory or WriteProcessMemory request was completed. (0x12B)
[1102/003624.673:ERROR:process_memory_win.cc(73)] ReadMemory at 0x76434c2000 of 6024 bytes failed: Only part of a ReadProcessMemory or WriteProcessMemory request was completed. (0x12B)
[1102/003624.673:ERROR:process_memory_win.cc(73)] ReadMemory at 0x76434c4000 of 6024 bytes failed: Only part of a ReadProcessMemory or WriteProcessMemory request was completed. (0x12B)
[1102/003624.673:ERROR:process_memory_win.cc(73)] ReadMemory at 0x76434c6000 of 6024 bytes failed: Only part of a ReadProcessMemory or WriteProcessMemory request was completed. (0x12B)
[1102/003624.674:ERROR:process_memory_win.cc(73)] ReadMemory at 0x2181dd20750 of 80 bytes failed: Only part of a ReadProcessMemory or WriteProcessMemory request was completed. (0x12B)
[1102/003624.674:ERROR:process_memory_win.cc(73)] ReadMemory at 0x2181dd20fe0 of 5714 bytes failed: Only part of a ReadProcessMemory or WriteProcessMemory request was completed. (0x12B)
[1102/003624.674:ERROR:process_memory_win.cc(73)] ReadMemory at 0x2181dd22640 of 1012 bytes failed: Only part of a ReadProcessMemory or WriteProcessMemory request was completed. (0x12B)
[1102/003624.674:ERROR:process_memory_win.cc(73)] ReadMemory at 0x2181dd22c88 of 118 bytes failed: Only part of a ReadProcessMemory or WriteProcessMemory request was completed. (0x12B)
[1102/003624.675:ERROR:process_memory_win.cc(73)] ReadMemory at 0x2181dd22d00 of 1010 bytes failed: Only part of a ReadProcessMemory or WriteProcessMemory request was completed. (0x12B)
[1102/003624.675:ERROR:process_memory_win.cc(73)] ReadMemory at 0x2181dd230f4 of 118 bytes failed: Only part of a ReadProcessMemory or WriteProcessMemory request was completed. (0x12B)
[1102/003624.675:ERROR:process_memory_win.cc(73)] ReadMemory at 0x2181dd2316c of 96 bytes failed: Only part of a ReadProcessMemory or WriteProcessMemory request was completed. (0x12B)
[1102/003624.675:ERROR:process_memory_win.cc(73)] ReadMemory at 0x2181dd231e0 of 58 bytes failed: Only part of a ReadProcessMemory or WriteProcessMemory request was completed. (0x12B)
[1102/003624.675:ERROR:process_memory_win.cc(73)] ReadMemory at 0x2181dd232e0 of 132 bytes failed: Only part of a ReadProcessMemory or WriteProcessMemory request was completed. (0x12B)
[1102/003624.675:ERROR:process_memory_win.cc(73)] ReadMemory at 0x2181dd23470 of 132 bytes failed: Only part of a ReadProcessMemory or WriteProcessMemory request was completed. (0x12B)
[1102/003624.676:ERROR:process_memory_win.cc(73)] ReadMemory at 0x2181dd23630 of 126 bytes failed: Only part of a ReadProcessMemory or WriteProcessMemory request was completed. (0x12B)
[1102/003624.676:ERROR:process_memory_win.cc(73)] ReadMemory at 0x2181dd23a10 of 132 bytes failed: Only part of a ReadProcessMemory or WriteProcessMemory request was completed. (0x12B)
[1102/003624.676:ERROR:process_memory_win.cc(73)] ReadMemory at 0x2181dd23ba0 of 64 bytes failed: Only part of a ReadProcessMemory or WriteProcessMemory request was completed. (0x12B)
[1102/003624.676:ERROR:process_memory_win.cc(73)] ReadMemory at 0x2181dd23d60 of 132 bytes failed: Only part of a ReadProcessMemory or WriteProcessMemory request was completed. (0x12B)
[1102/003624.676:ERROR:process_memory_win.cc(73)] ReadMemory at 0x2181dd24000 of 132 bytes failed: Only part of a ReadProcessMemory or WriteProcessMemory request was completed. (0x12B)
[1102/003624.676:ERROR:process_memory_win.cc(73)] ReadMemory at 0x2181dd24190 of 68 bytes failed: Only part of a ReadProcessMemory or WriteProcessMemory request was completed. (0x12B)
[1102/003624.676:ERROR:process_memory_win.cc(73)] ReadMemory at 0x2181dd252e0 of 132 bytes failed: Only part of a ReadProcessMemory or WriteProcessMemory request was completed. (0x12B)
[1102/003624.677:ERROR:process_memory_win.cc(73)] ReadMemory at 0x2181dd25470 of 154 bytes failed: Only part of a ReadProcessMemory or WriteProcessMemory request was completed. (0x12B)
[1102/003624.677:ERROR:process_memory_win.cc(73)] ReadMemory at 0x2181dd26260 of 62 bytes failed: Only part of a ReadProcessMemory or WriteProcessMemory request was completed. (0x12B)
[1102/003624.677:ERROR:process_memory_win.cc(73)] ReadMemory at 0x2181dd262b0 of 132 bytes failed: Only part of a ReadProcessMemory or WriteProcessMemory request was completed. (0x12B)
[1102/003624.677:ERROR:process_memory_win.cc(73)] ReadMemory at 0x2181dd26450 of 132 bytes failed: Only part of a ReadProcessMemory or WriteProcessMemory request was completed. (0x12B)
[1102/003624.677:ERROR:process_memory_win.cc(73)] ReadMemory at 0x2181dd26580 of 60 bytes failed: Only part of a ReadProcessMemory or WriteProcessMemory request was completed. (0x12B)
[1102/003624.677:ERROR:process_memory_win.cc(73)] ReadMemory at 0x2181dd266e0 of 132 bytes failed: Only part of a ReadProcessMemory or WriteProcessMemory request was completed. (0x12B)
[1102/003624.678:ERROR:process_memory_win.cc(73)] ReadMemory at 0x2181dd2757c of 512 bytes failed: Only part of a ReadProcessMemory or WriteProcessMemory request was completed. (0x12B)
[1102/003624.678:ERROR:process_memory_win.cc(73)] ReadMemory at 0x2181dd28370 of 132 bytes failed: Only part of a ReadProcessMemory or WriteProcessMemory request was completed. (0x12B)
[1102/003624.678:ERROR:process_memory_win.cc(73)] ReadMemory at 0x2181dd2b2c0 of 64 bytes failed: Only part of a ReadProcessMemory or WriteProcessMemory request was completed. (0x12B)
[1102/003624.678:ERROR:process_memory_win.cc(73)] ReadMemory at 0x2181dd2b360 of 62 bytes failed: Only part of a ReadProcessMemory or WriteProcessMemory request was completed. (0x12B)
[1102/003624.678:ERROR:process_memory_win.cc(73)] ReadMemory at 0x2181dd2b4a0 of 62 bytes failed: Only part of a ReadProcessMemory or WriteProcessMemory request was completed. (0x12B)
[1102/003624.679:ERROR:process_memory_win.cc(73)] ReadMemory at 0x2181dd2b5e0 of 64 bytes failed: Only part of a ReadProcessMemory or WriteProcessMemory request was completed. (0x12B)
[1102/003624.679:ERROR:process_memory_win.cc(73)] ReadMemory at 0x2181dd2b630 of 60 bytes failed: Only part of a ReadProcessMemory or WriteProcessMemory request was completed. (0x12B)
[1102/003624.679:ERROR:process_memory_win.cc(73)] ReadMemory at 0x2181dd2b770 of 66 bytes failed: Only part of a ReadProcessMemory or WriteProcessMemory request was completed. (0x12B)
[1102/003624.679:ERROR:process_memory_win.cc(73)] ReadMemory at 0x2181dd2b7c0 of 64 bytes failed: Only part of a ReadProcessMemory or WriteProcessMemory request was completed. (0x12B)
[1102/003624.679:ERROR:process_memory_win.cc(73)] ReadMemory at 0x2181dd2b810 of 60 bytes failed: Only part of a ReadProcessMemory or WriteProcessMemory request was completed. (0x12B)
[1102/003624.679:ERROR:process_memory_win.cc(73)] ReadMemory at 0x2181dd2b8b0 of 58 bytes failed: Only part of a ReadProcessMemory or WriteProcessMemory request was completed. (0x12B)
[1102/003624.680:ERROR:process_memory_win.cc(73)] ReadMemory at 0x2181dd2ba80 of 132 bytes failed: Only part of a ReadProcessMemory or WriteProcessMemory request was completed. (0x12B)
[1102/003624.680:ERROR:process_memory_win.cc(73)] ReadMemory at 0x2181dd2bbb0 of 132 bytes failed: Only part of a ReadProcessMemory or WriteProcessMemory request was completed. (0x12B)
[1102/003624.680:ERROR:process_memory_win.cc(73)] ReadMemory at 0x2181dd2bce0 of 132 bytes failed: Only part of a ReadProcessMemory or WriteProcessMemory request was completed. (0x12B)
[1102/003624.680:ERROR:process_memory_win.cc(73)] ReadMemory at 0x2181dd2be10 of 132 bytes failed: Only part of a ReadProcessMemory or WriteProcessMemory request was completed. (0x12B)
[1102/003624.680:ERROR:process_memory_win.cc(73)] ReadMemory at 0x2181dd2bf40 of 132 bytes failed: Only part of a ReadProcessMemory or WriteProcessMemory request was completed. (0x12B)
[1102/003624.680:ERROR:process_memory_win.cc(73)] ReadMemory at 0x2181dd2c070 of 132 bytes failed: Only part of a ReadProcessMemory or WriteProcessMemory request was completed. (0x12B)
[1102/003624.680:ERROR:process_memory_win.cc(73)] ReadMemory at 0x2181dd2c1a0 of 132 bytes failed: Only part of a ReadProcessMemory or WriteProcessMemory request was completed. (0x12B)
[1102/003624.681:ERROR:process_memory_win.cc(73)] ReadMemory at 0x2181dd2c2d0 of 132 bytes failed: Only part of a ReadProcessMemory or WriteProcessMemory request was completed. (0x12B)
[1102/003624.681:ERROR:process_memory_win.cc(73)] ReadMemory at 0x2181dd2c530 of 132 bytes failed: Only part of a ReadProcessMemory or WriteProcessMemory request was completed. (0x12B)
[1102/003624.681:ERROR:process_memory_win.cc(73)] ReadMemory at 0x2181dd2c660 of 132 bytes failed: Only part of a ReadProcessMemory or WriteProcessMemory request was completed. (0x12B)
[1102/003624.681:ERROR:process_memory_win.cc(73)] ReadMemory at 0x2181dd2c790 of 132 bytes failed: Only part of a ReadProcessMemory or WriteProcessMemory request was completed. (0x12B)
[1102/003624.681:ERROR:process_memory_win.cc(73)] ReadMemory at 0x2181dd2c8c0 of 132 bytes failed: Only part of a ReadProcessMemory or WriteProcessMemory request was completed. (0x12B)
[1102/003624.681:ERROR:process_memory_win.cc(73)] ReadMemory at 0x2181dd2d1b0 of 76 bytes failed: Only part of a ReadProcessMemory or WriteProcessMemory request was completed. (0x12B)
[1102/003624.681:ERROR:process_memory_win.cc(73)] ReadMemory at 0x2181dd2ebe0 of 54 bytes failed: Only part of a ReadProcessMemory or WriteProcessMemory request was completed. (0x12B)
[1102/003624.681:ERROR:process_memory_win.cc(73)] ReadMemory at 0x2181dd2ff20 of 158 bytes failed: Only part of a ReadProcessMemory or WriteProcessMemory request was completed. (0x12B)
[1102/003624.682:ERROR:process_memory_win.cc(73)] ReadMemory at 0x2181dd302d0 of 132 bytes failed: Only part of a ReadProcessMemory or WriteProcessMemory request was completed. (0x12B)
[1102/003624.682:ERROR:process_memory_win.cc(73)] ReadMemory at 0x2181dd30840 of 132 bytes failed: Only part of a ReadProcessMemory or WriteProcessMemory request was completed. (0x12B)
[1102/003624.682:ERROR:process_memory_win.cc(73)] ReadMemory at 0x2181dd32360 of 132 bytes failed: Only part of a ReadProcessMemory or WriteProcessMemory request was completed. (0x12B)
[1102/003624.682:ERROR:process_memory_win.cc(73)] ReadMemory at 0x2181dd325d0 of 132 bytes failed: Only part of a ReadProcessMemory or WriteProcessMemory request was completed. (0x12B)
[1102/003624.682:ERROR:process_memory_win.cc(73)] ReadMemory at 0x2181dd32700 of 132 bytes failed: Only part of a ReadProcessMemory or WriteProcessMemory request was completed. (0x12B)
[1102/003624.682:ERROR:process_memory_win.cc(73)] ReadMemory at 0x2181dd34320 of 132 bytes failed: Only part of a ReadProcessMemory or WriteProcessMemory request was completed. (0x12B)
[1102/003624.682:ERROR:process_memory_win.cc(73)] ReadMemory at 0x2181dd34ee0 of 132 bytes failed: Only part of a ReadProcessMemory or WriteProcessMemory request was completed. (0x12B)
[1102/003624.683:ERROR:process_memory_win.cc(73)] ReadMemory at 0x2181dd35790 of 62 bytes failed: Only part of a ReadProcessMemory or WriteProcessMemory request was completed. (0x12B)
[1102/003624.683:ERROR:process_memory_win.cc(73)] ReadMemory at 0x2181dd35830 of 60 bytes failed: Only part of a ReadProcessMemory or WriteProcessMemory request was completed. (0x12B)
[1102/003624.683:ERROR:process_memory_win.cc(73)] ReadMemory at 0x2181dd358d0 of 64 bytes failed: Only part of a ReadProcessMemory or WriteProcessMemory request was completed. (0x12B)
[1102/003624.683:ERROR:process_memory_win.cc(73)] ReadMemory at 0x2181dd35920 of 62 bytes failed: Only part of a ReadProcessMemory or WriteProcessMemory request was completed. (0x12B)
[1102/003624.683:ERROR:process_memory_win.cc(73)] ReadMemory at 0x2181dd35970 of 60 bytes failed: Only part of a ReadProcessMemory or WriteProcessMemory request was completed. (0x12B)
[1102/003624.683:ERROR:process_memory_win.cc(73)] ReadMemory at 0x2181dd35a10 of 66 bytes failed: Only part of a ReadProcessMemory or WriteProcessMemory request was completed. (0x12B)
[1102/003624.684:ERROR:process_memory_win.cc(73)] ReadMemory at 0x2181dd35a60 of 60 bytes failed: Only part of a ReadProcessMemory or WriteProcessMemory request was completed. (0x12B)
[1102/003624.684:ERROR:process_memory_win.cc(73)] ReadMemory at 0x2181dd35ab0 of 62 bytes failed: Only part of a ReadProcessMemory or WriteProcessMemory request was completed. (0x12B)
[1102/003624.684:ERROR:process_memory_win.cc(73)] ReadMemory at 0x2181dd35b00 of 64 bytes failed: Only part of a ReadProcessMemory or WriteProcessMemory request was completed. (0x12B)
[1102/003624.684:ERROR:process_memory_win.cc(73)] ReadMemory at 0x2181dd35b50 of 62 bytes failed: Only part of a ReadProcessMemory or WriteProcessMemory request was completed. (0x12B)
[1102/003624.684:ERROR:process_memory_win.cc(73)] ReadMemory at 0x2181dd35bf0 of 58 bytes failed: Only part of a ReadProcessMemory or WriteProcessMemory request was completed. (0x12B)
[1102/003624.685:ERROR:process_memory_win.cc(73)] ReadMemory at 0x2181dd35c90 of 64 bytes failed: Only part of a ReadProcessMemory or WriteProcessMemory request was completed. (0x12B)
[1102/003624.685:ERROR:process_memory_win.cc(73)] ReadMemory at 0x2181dd35ce0 of 60 bytes failed: Only part of a ReadProcessMemory or WriteProcessMemory request was completed. (0x12B)
[1102/003624.685:ERROR:process_memory_win.cc(73)] ReadMemory at 0x2181dd35e20 of 66 bytes failed: Only part of a ReadProcessMemory or WriteProcessMemory request was completed. (0x12B)
[1102/003624.685:ERROR:process_memory_win.cc(73)] ReadMemory at 0x2181dd35e70 of 62 bytes failed: Only part of a ReadProcessMemory or WriteProcessMemory request was completed. (0x12B)
[1102/003624.685:ERROR:process_memory_win.cc(73)] ReadMemory at 0x2181dd35f60 of 58 bytes failed: Only part of a ReadProcessMemory or WriteProcessMemory request was completed. (0x12B)
[1102/003624.685:ERROR:process_memory_win.cc(73)] ReadMemory at 0x2181dd361e0 of 62 bytes failed: Only part of a ReadProcessMemory or WriteProcessMemory request was completed. (0x12B)
[1102/003624.685:ERROR:process_memory_win.cc(73)] ReadMemory at 0x2181dd36280 of 62 bytes failed: Only part of a ReadProcessMemory or WriteProcessMemory request was completed. (0x12B)
[1102/003624.686:ERROR:process_memory_win.cc(73)] ReadMemory at 0x2181dd362d0 of 64 bytes failed: Only part of a ReadProcessMemory or WriteProcessMemory request was completed. (0x12B)
[1102/003624.686:ERROR:process_memory_win.cc(73)] ReadMemory at 0x2181dd36320 of 62 bytes failed: Only part of a ReadProcessMemory or WriteProcessMemory request was completed. (0x12B)
[1102/003624.686:ERROR:process_memory_win.cc(73)] ReadMemory at 0x2181dd36370 of 64 bytes failed: Only part of a ReadProcessMemory or WriteProcessMemory request was completed. (0x12B)
[1102/003624.686:ERROR:process_memory_win.cc(73)] ReadMemory at 0x2181dd363c0 of 60 bytes failed: Only part of a ReadProcessMemory or WriteProcessMemory request was completed. (0x12B)
[1102/003624.686:ERROR:process_memory_win.cc(73)] ReadMemory at 0x2181dd36410 of 60 bytes failed: Only part of a ReadProcessMemory or WriteProcessMemory request was completed. (0x12B)
[1102/003624.686:ERROR:process_memory_win.cc(73)] ReadMemory at 0x2181dd36f80 of 132 bytes failed: Only part of a ReadProcessMemory or WriteProcessMemory request was completed. (0x12B)
[1102/003624.687:ERROR:process_memory_win.cc(73)] ReadMemory at 0x2181dd370b0 of 132 bytes failed: Only part of a ReadProcessMemory or WriteProcessMemory request was completed. (0x12B)
[1102/003624.687:ERROR:process_memory_win.cc(73)] ReadMemory at 0x2181dd37310 of 132 bytes failed: Only part of a ReadProcessMemory or WriteProcessMemory request was completed. (0x12B)
[1102/003624.687:ERROR:process_memory_win.cc(73)] ReadMemory at 0x2181dd37440 of 132 bytes failed: Only part of a ReadProcessMemory or WriteProcessMemory request was completed. (0x12B)
[1102/003624.687:ERROR:process_memory_win.cc(73)] ReadMemory at 0x2181dd37570 of 132 bytes failed: Only part of a ReadProcessMemory or WriteProcessMemory request was completed. (0x12B)
[1102/003624.687:ERROR:process_memory_win.cc(73)] ReadMemory at 0x2181dd376a0 of 132 bytes failed: Only part of a ReadProcessMemory or WriteProcessMemory request was completed. (0x12B)
[1102/003624.688:ERROR:process_memory_win.cc(73)] ReadMemory at 0x2181dd377d0 of 132 bytes failed: Only part of a ReadProcessMemory or WriteProcessMemory request was completed. (0x12B)
[1102/003624.688:ERROR:process_memory_win.cc(73)] ReadMemory at 0x2181dd37900 of 132 bytes failed: Only part of a ReadProcessMemory or WriteProcessMemory request was completed. (0x12B)
[1102/003624.688:ERROR:process_memory_win.cc(73)] ReadMemory at 0x2181dd37a30 of 132 bytes failed: Only part of a ReadProcessMemory or WriteProcessMemory request was completed. (0x12B)
[1102/003624.688:ERROR:process_memory_win.cc(73)] ReadMemory at 0x2181dd37b60 of 132 bytes failed: Only part of a ReadProcessMemory or WriteProcessMemory request was completed. (0x12B)
[1102/003624.688:ERROR:process_memory_win.cc(73)] ReadMemory at 0x2181dd37c90 of 132 bytes failed: Only part of a ReadProcessMemory or WriteProcessMemory request was completed. (0x12B)
[1102/003624.689:ERROR:process_memory_win.cc(73)] ReadMemory at 0x2181dd38280 of 132 bytes failed: Only part of a ReadProcessMemory or WriteProcessMemory request was completed. (0x12B)
[1102/003624.689:ERROR:process_memory_win.cc(73)] ReadMemory at 0x2181dd38610 of 132 bytes failed: Only part of a ReadProcessMemory or WriteProcessMemory request was completed. (0x12B)
[1102/003624.689:ERROR:process_memory_win.cc(73)] ReadMemory at 0x2181dd38870 of 132 bytes failed: Only part of a ReadProcessMemory or WriteProcessMemory request was completed. (0x12B)
[1102/003624.689:ERROR:process_memory_win.cc(73)] ReadMemory at 0x2181dd4c170 of 512 bytes failed: Only part of a ReadProcessMemory or WriteProcessMemory request was completed. (0x12B)
[1102/003624.689:ERROR:process_memory_win.cc(73)] ReadMemory at 0x2181dd4cca0 of 512 bytes failed: Only part of a ReadProcessMemory or WriteProcessMemory request was completed. (0x12B)
[1102/003624.689:ERROR:process_memory_win.cc(73)] ReadMemory at 0x2181dd4cf50 of 512 bytes failed: Only part of a ReadProcessMemory or WriteProcessMemory request was completed. (0x12B)
[1102/003624.690:ERROR:process_memory_win.cc(73)] ReadMemory at 0x2181dd53230 of 512 bytes failed: Only part of a ReadProcessMemory or WriteProcessMemory request was completed. (0x12B)
[1102/003624.690:ERROR:process_memory_win.cc(73)] ReadMemory at 0x2181dff1780 of 512 bytes failed: Only part of a ReadProcessMemory or WriteProcessMemory request was completed. (0x12B)
[1102/003624.690:ERROR:process_memory_win.cc(73)] ReadMemory at 0x2181dff4180 of 512 bytes failed: Only part of a ReadProcessMemory or WriteProcessMemory request was completed. (0x12B)
[1102/003624.690:ERROR:process_memory_win.cc(73)] ReadMemory at 0x2181e097730 of 512 bytes failed: Only part of a ReadProcessMemory or WriteProcessMemory request was completed. (0x12B)
[1102/003624.690:ERROR:process_memory_win.cc(73)] ReadMemory at 0x2181e09c230 of 512 bytes failed: Only part of a ReadProcessMemory or WriteProcessMemory request was completed. (0x12B)
[1102/003624.690:ERROR:process_memory_win.cc(73)] ReadMemory at 0x2181e0a2c80 of 512 bytes failed: Only part of a ReadProcessMemory or WriteProcessMemory request was completed. (0x12B)
[1102/003624.690:ERROR:process_memory_win.cc(73)] ReadMemory at 0x2181e0a8ae0 of 512 bytes failed: Only part of a ReadProcessMemory or WriteProcessMemory request was completed. (0x12B)
[1102/003624.691:ERROR:process_memory_win.cc(73)] ReadMemory at 0x2181e0be350 of 712 bytes failed: Only part of a ReadProcessMemory or WriteProcessMemory request was completed. (0x12B)
[1102/003624.691:ERROR:process_memory_win.cc(73)] ReadMemory at 0x2181e0c0070 of 512 bytes failed: Only part of a ReadProcessMemory or WriteProcessMemory request was completed. (0x12B)
[1102/003624.691:ERROR:process_memory_win.cc(73)] ReadMemory at 0x2181e0ec960 of 800 bytes failed: Only part of a ReadProcessMemory or WriteProcessMemory request was completed. (0x12B)
[1102/003624.691:ERROR:process_memory_win.cc(73)] ReadMemory at 0x2181e104be8 of 512 bytes failed: Only part of a ReadProcessMemory or WriteProcessMemory request was completed. (0x12B)
[1102/003624.691:ERROR:process_memory_win.cc(73)] ReadMemory at 0x2181e104e28 of 512 bytes failed: Only part of a ReadProcessMemory or WriteProcessMemory request was completed. (0x12B)
[1102/003624.691:ERROR:process_memory_win.cc(73)] ReadMemory at 0x2181e1050f8 of 512 bytes failed: Only part of a ReadProcessMemory or WriteProcessMemory request was completed. (0x12B)
[1102/003624.692:ERROR:process_memory_win.cc(73)] ReadMemory at 0x2181e105608 of 512 bytes failed: Only part of a ReadProcessMemory or WriteProcessMemory request was completed. (0x12B)
[1102/003624.692:ERROR:process_memory_win.cc(73)] ReadMemory at 0x2182052e890 of 512 bytes failed: Only part of a ReadProcessMemory or WriteProcessMemory request was completed. (0x12B)
[1102/003624.692:ERROR:process_memory_win.cc(73)] ReadMemory at 0x21820540c60 of 512 bytes failed: Only part of a ReadProcessMemory or WriteProcessMemory request was completed. (0x12B)
[1102/003624.692:ERROR:process_memory_win.cc(73)] ReadMemory at 0x21820603d60 of 512 bytes failed: Only part of a ReadProcessMemory or WriteProcessMemory request was completed. (0x12B)
[1102/003624.692:ERROR:process_memory_win.cc(73)] ReadMemory at 0x218209d9460 of 512 bytes failed: Only part of a ReadProcessMemory or WriteProcessMemory request was completed. (0x12B)
[1102/003624.692:ERROR:process_memory_win.cc(73)] ReadMemory at 0x21820a05cd8 of 512 bytes failed: Only part of a ReadProcessMemory or WriteProcessMemory request was completed. (0x12B)
[1102/003624.692:ERROR:process_memory_win.cc(73)] ReadMemory at 0x21820a45fb8 of 512 bytes failed: Only part of a ReadProcessMemory or WriteProcessMemory request was completed. (0x12B)
[1102/003624.693:ERROR:process_memory_win.cc(73)] ReadMemory at 0x21820aaf540 of 512 bytes failed: Only part of a ReadProcessMemory or WriteProcessMemory request was completed. (0x12B)
[1102/003624.693:ERROR:process_memory_win.cc(73)] ReadMemory at 0x21820aafa80 of 512 bytes failed: Only part of a ReadProcessMemory or WriteProcessMemory request was completed. (0x12B)
[1102/003624.693:ERROR:process_memory_win.cc(73)] ReadMemory at 0x21820b0d8e0 of 512 bytes failed: Only part of a ReadProcessMemory or WriteProcessMemory request was completed. (0x12B)
[1102/003624.694:ERROR:process_memory_win.cc(73)] ReadMemory at 0x21820b38c10 of 512 bytes failed: Only part of a ReadProcessMemory or WriteProcessMemory request was completed. (0x12B)
[1102/003624.694:ERROR:process_memory_win.cc(73)] ReadMemory at 0x21820cf1278 of 512 bytes failed: Only part of a ReadProcessMemory or WriteProcessMemory request was completed. (0x12B)
[1102/003624.694:ERROR:process_memory_win.cc(73)] ReadMemory at 0x21820d09bd0 of 512 bytes failed: Only part of a ReadProcessMemory or WriteProcessMemory request was completed. (0x12B)
[1102/003624.694:ERROR:process_memory_win.cc(73)] ReadMemory at 0x458bda449878 of 512 bytes failed: Only part of a ReadProcessMemory or WriteProcessMemory request was completed. (0x12B)
[1102/003624.695:ERROR:process_memory_win.cc(73)] ReadMemory at 0x577d4e810178 of 512 bytes failed: Only part of a ReadProcessMemory or WriteProcessMemory request was completed. (0x12B)
[1102/003624.695:ERROR:process_memory_win.cc(73)] ReadMemory at 0x577d4e811678 of 512 bytes failed: Only part of a ReadProcessMemory or WriteProcessMemory request was completed. (0x12B)
[1102/003624.695:ERROR:process_memory_win.cc(73)] ReadMemory at 0x577d4e81aa28 of 512 bytes failed: Only part of a ReadProcessMemory or WriteProcessMemory request was completed. (0x12B)
[1102/003624.695:ERROR:process_memory_win.cc(73)] ReadMemory at 0x5af6a6c42db0 of 512 bytes failed: Only part of a ReadProcessMemory or WriteProcessMemory request was completed. (0x12B)
[1102/003624.695:ERROR:process_memory_win.cc(73)] ReadMemory at 0x7cc289e4b570 of 512 bytes failed: Only part of a ReadProcessMemory or WriteProcessMemory request was completed. (0x12B)
[1102/003624.696:ERROR:process_memory_win.cc(73)] ReadMemory at 0x7ffa522c1320 of 524 bytes failed: Only part of a ReadProcessMemory or WriteProcessMemory request was completed. (0x12B)
[1102/003624.696:ERROR:process_memory_win.cc(73)] ReadMemory at 0x7ffa53846b5c of 512 bytes failed: Only part of a ReadProcessMemory or WriteProcessMemory request was completed. (0x12B)
[1102/003624.696:ERROR:process_memory_win.cc(73)] ReadMemory at 0x7ffa56c9c4ea of 512 bytes failed: Only part of a ReadProcessMemory or WriteProcessMemory request was completed. (0x12B)
[1102/003624.696:ERROR:process_memory_win.cc(73)] ReadMemory at 0x7ffa9b6da7b9 of 512 bytes failed: Only part of a ReadProcessMemory or WriteProcessMemory request was completed. (0x12B)
[1102/003624.696:ERROR:process_memory_win.cc(73)] ReadMemory at 0x7ffa9b90b6d0 of 512 bytes failed: Only part of a ReadProcessMemory or WriteProcessMemory request was completed. (0x12B)
[1102/003624.696:ERROR:process_memory_win.cc(73)] ReadMemory at 0x7ffa9dc81f80 of 512 bytes failed: Only part of a ReadProcessMemory or WriteProcessMemory request was completed. (0x12B)
[1102/003624.697:ERROR:process_memory_win.cc(73)] ReadMemory at 0x7ffa9e13c0c4 of 672 bytes failed: Only part of a ReadProcessMemory or WriteProcessMemory request was completed. (0x12B)
[1102/003624.697:ERROR:process_memory_win.cc(73)] ReadMemory at 0x7ffa9e13c6c4 of 512 bytes failed: Only part of a ReadProcessMemory or WriteProcessMemory request was completed. (0x12B)
[1102/003624.697:ERROR:process_memory_win.cc(73)] ReadMemory at 0x7ffa9e13f974 of 608 bytes failed: Only part of a ReadProcessMemory or WriteProcessMemory request was completed. (0x12B)
[1102/003624.697:ERROR:process_memory_win.cc(73)] ReadMemory at 0x7ffa9e1cc428 of 18 bytes failed: Only part of a ReadProcessMemory or WriteProcessMemory request was completed. (0x12B)
[1102/003624.697:ERROR:process_memory_win.cc(73)] ReadMemory at 0x7ffa9e1ff4f8 of 40 bytes failed: Only part of a ReadProcessMemory or WriteProcessMemory request was completed. (0x12B)
[1102/003624.697:ERROR:process_memory_win.cc(73)] ReadMemory at 0x7ffa9e1ff978 of 48 bytes failed: Only part of a ReadProcessMemory or WriteProcessMemory request was completed. (0x12B)
[1102/003624.697:ERROR:process_memory_win.cc(73)] ReadMemory at 0x7ffa9e2053c0 of 64 bytes failed: Only part of a ReadProcessMemory or WriteProcessMemory request was completed. (0x12B)
[1102/003624.703:ERROR:scoped_process_suspend.cc(40)] NtResumeProcess: An attempt was made to access an exiting process. (0xc000010a)
